
resolvers       | formats | executing runner 'run luametatex format': /usr/local/texlive/2023/bin/universal-darwin/luametatex --jobname="./david_nicholson_resume.tex" --fmt=/Users/greenelabnlp/.texlive2023/texmf-var/luametatex-cache/context/1b4da46d1f340757f9984eae810b1464/formats/luametatex/cont-en.fmt --lua=/Users/greenelabnlp/.texlive2023/texmf-var/luametatex-cache/context/1b4da46d1f340757f9984eae810b1464/formats/luametatex/cont-en.lui  --c:currentrun=1 --c:fulljobname="./david_nicholson_resume.tex" --c:input="./david_nicholson_resume.tex" --c:kindofrun=1 --c:maxnofruns=9 --c:texmfbinpath="/Library/TeX/texbin"
system          > 
system          > ConTeXt  ver: 2023.03.10 12:15 LMTX  fmt: 2023.6.25  int: english/english
system          > 
system          > 'cont-new.mkxl' loaded
open source     > level 1, order 1, name '/usr/local/texlive/2023/texmf-dist/tex/context/base/mkxl/cont-new.mkxl'
system          > beware: some patches loaded from cont-new.mkiv
close source    > level 1, order 1, name '/usr/local/texlive/2023/texmf-dist/tex/context/base/mkxl/cont-new.mkxl'
system          > files > jobname './david_nicholson_resume', input './david_nicholson_resume.tex', result './david_nicholson_resume'
fonts           > latin modern fonts are not preloaded
languages       > language 'en' is active
open source     > level 1, order 2, name './david_nicholson_resume.tex'
open source     > level 2, order 3, name '/usr/local/texlive/2023/texmf-dist/tex/context/fonts/mkiv/type-imp-texgyre.mkiv'
close source    > level 2, order 3, name '/usr/local/texlive/2023/texmf-dist/tex/context/fonts/mkiv/type-imp-texgyre.mkiv'
mathematics     > tweak > 'LatinModernMath-Regular', size 6.89996, math size 3, version 'Version 1.959' found, version 'Version 1.958' expected
structures      > bookmark: David Nicholson
structure       > sectioning > chapter @ level 2 : 0.1 -> David Nicholson
structures      > bookmark: Summary
structure       > sectioning > section @ level 3 : 0.1.1 -> Summary
structures      > bookmark: Skills & Proficiency
structure       > sectioning > section @ level 3 : 0.1.2 -> Skills & Proficiency
structures      > bookmark: Professional Experience
structure       > sectioning > section @ level 3 : 0.1.3 -> Professional Experience
structures      > bookmark: Publications
structure       > sectioning > section @ level 3 : 0.1.4 -> Publications
backend         > xmp > using file '/usr/local/texlive/2023/texmf-dist/tex/context/base/mkiv/lpdf-pdx.xml'
pages           > flushing realpage 1, userpage 1, subpage 1
structures      > bookmark: Education
structure       > sectioning > section @ level 3 : 0.1.5 -> Education
pages           > flushing realpage 2, userpage 2, subpage 2
close source    > level 1, order 3, name './david_nicholson_resume.tex'
mkiv lua stats  > used config file: selfautoparent:/texmf-dist/web2c/texmfcnf.lua
mkiv lua stats  > used cache path: readable+writable: '/Users/greenelabnlp/.texlive2023/texmf-var/luametatex-cache/context/1b4da46d1f340757f9984eae810b1464'
mkiv lua stats  > resource resolver: loadtime 0.051 seconds, 0 scans with scantime 0.000 seconds, 0 shared scans, 13 found files, scanned paths: <none>
mkiv lua stats  > stored bytecode data: 508 modules (0.145 sec), 105 tables (0.005 sec), 613 chunks (0.150 sec)
mkiv lua stats  > traced context: maxstack: 1676, freed: 0, unreachable: 1676
mkiv lua stats  > cleaned up reserved nodes: 79 nodes, 7 lists of 435
mkiv lua stats  > node memory usage: 9 attribute, 1 glue, 138 gluespec, 3 kern, 645 mathspec, 2 penalty, 2 temp
mkiv lua stats  > node list callback tasks: 13 unique task lists, 10 instances (re)created, 381 calls
mkiv lua stats  > used backend: pdf
mkiv lua stats  > jobdata time: 0.001 seconds saving, 0.000 seconds loading
mkiv lua stats  > callbacks: file: 627, saved: 952, direct: 2, function: 1868, value: 3, message: 0, bytecode: 613, late 0, total: 4065 (2033 per page)
mkiv lua stats  > randomizer: resumed with value 0.056452609135391
mkiv lua stats  > loaded patterns: en::1, load time: 0.000
mkiv lua stats  > interactive elements: 12 references, 6 destinations
mkiv lua stats  > loaded fonts: 3 files: latinmodern-math.otf, texgyreheros-bold.otf, texgyreheros-regular.otf
mkiv lua stats  > font engine: otf 3.133, afm 1.513, tfm 1.000, 10 instances, 5 shared in backend, 3 common vectors, 2 common hashes, load time 0.103 seconds 
mkiv lua stats  > math tweaking time: 0.023 seconds, 12 math goodie tables
mkiv lua stats  > pdf annotations: 12 links (12 unique), 0 special
mkiv lua stats  > font embedding time: 0.002 seconds, 2 fonts
mkiv lua stats  > result saved in file: david_nicholson_resume.pdf, compresslevel 1, objectcompresslevel 3
mkiv lua stats  > positions: 4 collected, 0 deltas, 0 shared partials, 0 partial entries
mkiv lua stats  > used platform: osx-arm, type: unix, binary subtree: bin
mkiv lua stats  > used engine: luametatex version: 2.1006, functionality level: 20230224, format id: 686, compiler: gcc
mkiv lua stats  > tex properties: 740853 hash slots used of 2097152, 50064 control sequences, approximate memory usage: 41 MB
mkiv lua stats  > lua properties: engine: lua 5.4, used memory: 95 MB, ctx: 91 MB, max: 98 MB, symbol mask: utf (τεχ)
mkiv lua stats  > runtime: 0.315 seconds, 2 processed pages, 2 shipped pages, 6.344 pages/second

resolvers       | formats | executing runner 'run luametatex format': /usr/local/texlive/2023/bin/universal-darwin/luametatex --jobname="./david_nicholson_resume.tex" --fmt=/Users/greenelabnlp/.texlive2023/texmf-var/luametatex-cache/context/1b4da46d1f340757f9984eae810b1464/formats/luametatex/cont-en.fmt --lua=/Users/greenelabnlp/.texlive2023/texmf-var/luametatex-cache/context/1b4da46d1f340757f9984eae810b1464/formats/luametatex/cont-en.lui  --c:currentrun=2 --c:fulljobname="./david_nicholson_resume.tex" --c:input="./david_nicholson_resume.tex" --c:kindofrun=2 --c:maxnofruns=9 --c:texmfbinpath="/Library/TeX/texbin"
system          > 
system          > ConTeXt  ver: 2023.03.10 12:15 LMTX  fmt: 2023.6.25  int: english/english
system          > 
system          > 'cont-new.mkxl' loaded
open source     > level 1, order 1, name '/usr/local/texlive/2023/texmf-dist/tex/context/base/mkxl/cont-new.mkxl'
system          > beware: some patches loaded from cont-new.mkiv
close source    > level 1, order 1, name '/usr/local/texlive/2023/texmf-dist/tex/context/base/mkxl/cont-new.mkxl'
system          > files > jobname './david_nicholson_resume', input './david_nicholson_resume.tex', result './david_nicholson_resume'
fonts           > latin modern fonts are not preloaded
languages       > language 'en' is active
open source     > level 1, order 2, name './david_nicholson_resume.tex'
open source     > level 2, order 3, name '/usr/local/texlive/2023/texmf-dist/tex/context/fonts/mkiv/type-imp-texgyre.mkiv'
close source    > level 2, order 3, name '/usr/local/texlive/2023/texmf-dist/tex/context/fonts/mkiv/type-imp-texgyre.mkiv'
mathematics     > tweak > 'LatinModernMath-Regular', size 6.89996, math size 3, version 'Version 1.959' found, version 'Version 1.958' expected
structures      > bookmark: David Nicholson
structure       > sectioning > chapter @ level 2 : 0.1 -> David Nicholson
structures      > bookmark: Summary
structure       > sectioning > section @ level 3 : 0.1.1 -> Summary
structures      > bookmark: Skills & Proficiency
structure       > sectioning > section @ level 3 : 0.1.2 -> Skills & Proficiency
structures      > bookmark: Professional Experience
structure       > sectioning > section @ level 3 : 0.1.3 -> Professional Experience
structures      > bookmark: Publications
structure       > sectioning > section @ level 3 : 0.1.4 -> Publications
backend         > xmp > using file '/usr/local/texlive/2023/texmf-dist/tex/context/base/mkiv/lpdf-pdx.xml'
pages           > flushing realpage 1, userpage 1, subpage 1
structures      > bookmark: Education
structure       > sectioning > section @ level 3 : 0.1.5 -> Education
pages           > flushing realpage 2, userpage 2, subpage 2
close source    > level 1, order 3, name './david_nicholson_resume.tex'
mkiv lua stats  > used config file: selfautoparent:/texmf-dist/web2c/texmfcnf.lua
mkiv lua stats  > used cache path: readable+writable: '/Users/greenelabnlp/.texlive2023/texmf-var/luametatex-cache/context/1b4da46d1f340757f9984eae810b1464'
mkiv lua stats  > resource resolver: loadtime 0.050 seconds, 0 scans with scantime 0.000 seconds, 0 shared scans, 13 found files, scanned paths: <none>
mkiv lua stats  > stored bytecode data: 508 modules (0.137 sec), 105 tables (0.005 sec), 613 chunks (0.142 sec)
mkiv lua stats  > traced context: maxstack: 1676, freed: 0, unreachable: 1676
mkiv lua stats  > cleaned up reserved nodes: 79 nodes, 7 lists of 435
mkiv lua stats  > node memory usage: 9 attribute, 1 glue, 138 gluespec, 3 kern, 645 mathspec, 2 penalty, 2 temp
mkiv lua stats  > node list callback tasks: 13 unique task lists, 10 instances (re)created, 381 calls
mkiv lua stats  > used backend: pdf
mkiv lua stats  > jobdata time: 0.001 seconds saving, 0.000 seconds loading
mkiv lua stats  > callbacks: file: 627, saved: 950, direct: 2, function: 1867, value: 3, message: 0, bytecode: 613, late 0, total: 4062 (2031 per page)
mkiv lua stats  > randomizer: resumed with value 0.056452609135391
mkiv lua stats  > loaded patterns: en::1, load time: 0.000
mkiv lua stats  > interactive elements: 12 references, 6 destinations
mkiv lua stats  > loaded fonts: 3 files: latinmodern-math.otf, texgyreheros-bold.otf, texgyreheros-regular.otf
mkiv lua stats  > font engine: otf 3.133, afm 1.513, tfm 1.000, 10 instances, 5 shared in backend, 3 common vectors, 2 common hashes, load time 0.100 seconds 
mkiv lua stats  > math tweaking time: 0.023 seconds, 12 math goodie tables
mkiv lua stats  > pdf annotations: 12 links (12 unique), 0 special
mkiv lua stats  > font embedding time: 0.001 seconds, 2 fonts
mkiv lua stats  > result saved in file: david_nicholson_resume.pdf, compresslevel 1, objectcompresslevel 3
mkiv lua stats  > positions: 4 collected, 0 deltas, 0 shared partials, 0 partial entries
mkiv lua stats  > used platform: osx-arm, type: unix, binary subtree: bin
mkiv lua stats  > used engine: luametatex version: 2.1006, functionality level: 20230224, format id: 686, compiler: gcc
mkiv lua stats  > tex properties: 740853 hash slots used of 2097152, 50063 control sequences, approximate memory usage: 41 MB
mkiv lua stats  > lua properties: engine: lua 5.4, used memory: 95 MB, ctx: 91 MB, max: 98 MB, symbol mask: utf (τεχ)
mkiv lua stats  > runtime: 0.287 seconds, 2 processed pages, 2 shipped pages, 6.977 pages/second
system          | total runtime: 0.617 seconds of 0.687 seconds

