system          > 
system          > ConTeXt  ver: 2023.03.10 12:15 LMTX  fmt: 2023.6.25  int: english/english
system          > 
system          > 'cont-new.mkxl' loaded
open source     > level 1, order 1, name '/usr/local/texlive/2023/texmf-dist/tex/context/base/mkxl/cont-new.mkxl'
system          > beware: some patches loaded from cont-new.mkiv
close source    > level 1, order 1, name '/usr/local/texlive/2023/texmf-dist/tex/context/base/mkxl/cont-new.mkxl'
system          > files > jobname './david_nicholson_resume', input './david_nicholson_resume.tex', result './david_nicholson_resume'
fonts           > latin modern fonts are not preloaded
languages       > language 'en' is active
open source     > level 1, order 2, name './david_nicholson_resume.tex'
open source     > level 2, order 3, name '/usr/local/texlive/2023/texmf-dist/tex/context/fonts/mkiv/type-imp-texgyre.mkiv'
close source    > level 2, order 3, name '/usr/local/texlive/2023/texmf-dist/tex/context/fonts/mkiv/type-imp-texgyre.mkiv'
mathematics     > tweak > 'LatinModernMath-Regular', size 6.89996, math size 3, version 'Version 1.959' found, version 'Version 1.958' expected
structures      > bookmark: David Nicholson
structure       > sectioning > chapter @ level 2 : 0.1 -> David Nicholson
structures      > bookmark: Summary
structure       > sectioning > section @ level 3 : 0.1.1 -> Summary
structures      > bookmark: Skills & Proficiency
structure       > sectioning > section @ level 3 : 0.1.2 -> Skills & Proficiency
structures      > bookmark: Professional Experience
structure       > sectioning > section @ level 3 : 0.1.3 -> Professional Experience
structures      > bookmark: Publications
structure       > sectioning > section @ level 3 : 0.1.4 -> Publications
backend         > xmp > using file '/usr/local/texlive/2023/texmf-dist/tex/context/base/mkiv/lpdf-pdx.xml'
pages           > flushing realpage 1, userpage 1, subpage 1
structures      > bookmark: Education
structure       > sectioning > section @ level 3 : 0.1.5 -> Education
pages           > flushing realpage 2, userpage 2, subpage 2
close source    > level 1, order 3, name './david_nicholson_resume.tex'
system          > start used files
system          > text: david_nicholson_resume
system          > stop used files
system          > start used files
system          >    1: filename=publ-imp-default.lua filetype=lua foundname=/usr/local/texlive/2023/texmf-dist/tex/context/base/mkiv/publ-imp-default.lua fullname=/usr/local/texlive/2023/texmf-dist/tex/context/base/mkiv/publ-imp-default.lua usedmethod=database
system          >    2: filename=cont-new.mkxl filetype=tex foundname=/usr/local/texlive/2023/texmf-dist/tex/context/base/mkxl/cont-new.mkxl fullname=/usr/local/texlive/2023/texmf-dist/tex/context/base/mkxl/cont-new.mkxl usedmethod=database
system          >    3: filename=lang-exc.lua filetype=lua foundname=/usr/local/texlive/2023/texmf-dist/tex/context/base/mkiv/lang-exc.lua fullname=/usr/local/texlive/2023/texmf-dist/tex/context/base/mkiv/lang-exc.lua usedmethod=database
system          >    4: filename=lang-us.lua filetype=lua foundname=/usr/local/texlive/2023/texmf-dist/tex/context/patterns/mkiv/lang-us.lua fullname=/usr/local/texlive/2023/texmf-dist/tex/context/patterns/mkiv/lang-us.lua usedmethod=database
system          >    5: filename=/Users/greenelabnlp/Documents/GitHub/danich1.github.io/external_documents/output/david_nicholson_resume.tex format=tex foundname=/Users/greenelabnlp/Documents/GitHub/danich1.github.io/external_documents/output/david_nicholson_resume.tex fullname=/Users/greenelabnlp/Documents/GitHub/danich1.github.io/external_documents/output/david_nicholson_resume.tex usedmethod=direct
system          >    6: filename=type-imp-texgyre.mkiv filetype=tex foundname=/usr/local/texlive/2023/texmf-dist/tex/context/fonts/mkiv/type-imp-texgyre.mkiv fullname=/usr/local/texlive/2023/texmf-dist/tex/context/fonts/mkiv/type-imp-texgyre.mkiv usedmethod=database
system          >    7: filename=lm.lfg filetype=tex foundname=/usr/local/texlive/2023/texmf-dist/tex/context/fonts/mkiv/lm.lfg fullname=/usr/local/texlive/2023/texmf-dist/tex/context/fonts/mkiv/lm.lfg usedmethod=database
system          >    8: filename=texgyreheros-regular filetype=otf format=otf foundname=/usr/local/texlive/2023/texmf-dist/fonts/opentype/public/tex-gyre/texgyreheros-regular.otf fullname=/usr/local/texlive/2023/texmf-dist/fonts/opentype/public/tex-gyre/texgyreheros-regular.otf usedmethod=database
system          >    9: filename=latinmodern-math.otf filetype=otf format=otf foundname=/usr/local/texlive/2023/texmf-dist/fonts/opentype/public/lm-math/latinmodern-math.otf fullname=/usr/local/texlive/2023/texmf-dist/fonts/opentype/public/lm-math/latinmodern-math.otf usedmethod=database
system          >   10: filename=modern-math.lfg filetype=tex foundname=/usr/local/texlive/2023/texmf-dist/tex/context/fonts/mkiv/modern-math.lfg fullname=/usr/local/texlive/2023/texmf-dist/tex/context/fonts/mkiv/modern-math.lfg usedmethod=database
system          >   11: filename=common-math.lfg filetype=tex foundname=/usr/local/texlive/2023/texmf-dist/tex/context/fonts/mkiv/common-math.lfg fullname=/usr/local/texlive/2023/texmf-dist/tex/context/fonts/mkiv/common-math.lfg usedmethod=database
system          >   12: filename=texgyreheros-bold filetype=otf format=otf foundname=/usr/local/texlive/2023/texmf-dist/fonts/opentype/public/tex-gyre/texgyreheros-bold.otf fullname=/usr/local/texlive/2023/texmf-dist/fonts/opentype/public/tex-gyre/texgyreheros-bold.otf usedmethod=database
system          >   13: filename=lpdf-pdx.xml filetype=tex foundname=/usr/local/texlive/2023/texmf-dist/tex/context/base/mkiv/lpdf-pdx.xml fullname=/usr/local/texlive/2023/texmf-dist/tex/context/base/mkiv/lpdf-pdx.xml usedmethod=database
system          > stop used files
system          > start commandline options
system          > currentrun="2"
system          > fulljobname="./david_nicholson_resume.tex"
system          > input="./david_nicholson_resume.tex"
system          > kindofrun="2"
system          > maxnofruns="9"
system          > texmfbinpath="/Library/TeX/texbin"
system          > stop commandline options
system          > start commandline files
system          >    1: ./david_nicholson_resume.tex
system          > stop commandline files
modules         > start used modules
modules         > stop used modules
system          > 
system          > status after finishing run
system          > 
system          >   -----------------------------------------------------------------------------------------------------------------------------------------------------------------------------------
system          >           string       pool       hash     lookup       node      token     buffer      input       file       nest  parameter       save       font   language       mark     insert
system          >   -----------------------------------------------------------------------------------------------------------------------------------------------------------------------------------
system          >   max    2097152  100000000    2097152    2097152  100000000   10000000  100000000     100000       2000      10000     100000     500000     100000      10000      10000        500
system          >   min     150000   10000000     150000     150000    2000000    1000000    1000000      10000        500       1000      20000     100000        250        250         50         10
system          >   set     500000   10000000     250000     250000   50000000   10000000   10000000     100000       2000      10000     100000     500000     100000        250        250        250
system          >   stp     100000    1000000     100000     100000     500000     250000    1000000      10000        250       1000      10000      10000        250        250         50         25
system          > 
system          >   mem     150000     961454     150000               2000000    1000000    1000000      10000        500       1000      20000      10000    6613296         96       1200        320
system          >   all    2400000     961454    2400000              18000000    8000000    1000000     320000      16000      72000      80000     160000    6613296         96      28800      10240
system          > 
system          >   ini    2145258     910561          0      48090          0     527005                                                                                       0                      
system          >   ptr      50079                  9950      50063                574954          0          0          0          0          0          0         10          0         28          7
system          >   top      50080                740853     131074      36546     577153        238         38          5         12         41        385        250        250         50         10
system          >   -----------------------------------------------------------------------------------------------------------------------------------------------------------------------------------
system          > 
system          >   current input type    : initial
system          > 
system          >   approximate memory    : 43531422 (41 MB)
system          > 
system          >   expansion depth       : min: 10000, max: 1000000, set: 10000, top: 10
system          > 
system          >   luabytecode registers : 1008
system          >   luabytecode bytes     : 16144 (0 MB)
system          >   luastate bytes now    : 96002223 (91 MB)
system          >   luastate bytes max    : 103646106 (98 MB)
system          > 
system          >   file callbacks        : 627
system          >   saved callbacks       : 950
system          >   direct callbacks      : 2
system          >   function callbacks    : 1867
system          >   value callbacks       : 3
system          >   message callbacks     : 0
system          >   bytecode callbacks    : 613
system          > 
system          >   mp instances          : 0
system          >   mp estimated memory   : 0 (0 MB)
system          >   mp file callbacks     : 0
system          >   mp text callbacks     : 0
system          >   mp script callbacks   : 0
system          >   mp log callbacks      : 0
system          > 
system          >   total callbacks       : 4062
system          >   mp total callbacks    : 0
system          >   backend callbacks     : 0
system          > 
mkiv lua stats  > used config file: selfautoparent:/texmf-dist/web2c/texmfcnf.lua
mkiv lua stats  > used cache path: readable+writable: '/Users/greenelabnlp/.texlive2023/texmf-var/luametatex-cache/context/1b4da46d1f340757f9984eae810b1464'
mkiv lua stats  > resource resolver: loadtime 0.050 seconds, 0 scans with scantime 0.000 seconds, 0 shared scans, 13 found files, scanned paths: <none>
mkiv lua stats  > stored bytecode data: 508 modules (0.137 sec), 105 tables (0.005 sec), 613 chunks (0.142 sec)
mkiv lua stats  > traced context: maxstack: 1676, freed: 0, unreachable: 1676
mkiv lua stats  > cleaned up reserved nodes: 79 nodes, 7 lists of 435
mkiv lua stats  > node memory usage: 9 attribute, 1 glue, 138 gluespec, 3 kern, 645 mathspec, 2 penalty, 2 temp
mkiv lua stats  > node list callback tasks: 13 unique task lists, 10 instances (re)created, 381 calls
mkiv lua stats  > used backend: pdf
mkiv lua stats  > jobdata time: 0.001 seconds saving, 0.000 seconds loading
mkiv lua stats  > callbacks: file: 627, saved: 950, direct: 2, function: 1867, value: 3, message: 0, bytecode: 613, late 0, total: 4062 (2031 per page)
mkiv lua stats  > randomizer: resumed with value 0.056452609135391
mkiv lua stats  > loaded patterns: en::1, load time: 0.000
mkiv lua stats  > interactive elements: 12 references, 6 destinations
mkiv lua stats  > loaded fonts: 3 files: latinmodern-math.otf, texgyreheros-bold.otf, texgyreheros-regular.otf
mkiv lua stats  > font engine: otf 3.133, afm 1.513, tfm 1.000, 10 instances, 5 shared in backend, 3 common vectors, 2 common hashes, load time 0.100 seconds 
mkiv lua stats  > math tweaking time: 0.023 seconds, 12 math goodie tables
mkiv lua stats  > pdf annotations: 12 links (12 unique), 0 special
mkiv lua stats  > font embedding time: 0.001 seconds, 2 fonts
mkiv lua stats  > result saved in file: david_nicholson_resume.pdf, compresslevel 1, objectcompresslevel 3
mkiv lua stats  > positions: 4 collected, 0 deltas, 0 shared partials, 0 partial entries
mkiv lua stats  > used platform: osx-arm, type: unix, binary subtree: bin
mkiv lua stats  > used engine: luametatex version: 2.1006, functionality level: 20230224, format id: 686, compiler: gcc
mkiv lua stats  > tex properties: 740853 hash slots used of 2097152, 50063 control sequences, approximate memory usage: 41 MB
mkiv lua stats  > lua properties: engine: lua 5.4, used memory: 95 MB, ctx: 91 MB, max: 98 MB, symbol mask: utf (τεχ)
mkiv lua stats  > runtime: 0.287 seconds, 2 processed pages, 2 shipped pages, 6.977 pages/second
